<?xml version="1.0" encoding="UTF-8" ?>
<testsuite failures="0" time="0.35" errors="0" skipped="0" tests="9" name="com.springsource.roo.pizzashop.domain.PizzaIntegrationTest">
  <properties>
[...]
</properties>
  <testcase time="0.002" classname="com.springsource.roo.pizzashop.domain.PizzaIntegrationTest" name="testMarkerMethod"/>
  <testcase time="0.063" classname="com.springsource.roo.pizzashop.domain.PizzaIntegrationTest" name="testFlush"/>
  <testcase time="0.042" classname="com.springsource.roo.pizzashop.domain.PizzaIntegrationTest" name="testMergeUpdate"/>
  <testcase time="0.045" classname="com.springsource.roo.pizzashop.domain.PizzaIntegrationTest" name="testPersist"/>
  <testcase time="0.042" classname="com.springsource.roo.pizzashop.domain.PizzaIntegrationTest" name="testRemove"/>
  <testcase time="0.041" classname="com.springsource.roo.pizzashop.domain.PizzaIntegrationTest" name="testCountPizzas"/>
  <testcase time="0.037" classname="com.springsource.roo.pizzashop.domain.PizzaIntegrationTest" name="testFindPizza"/>
  <testcase time="0.045" classname="com.springsource.roo.pizzashop.domain.PizzaIntegrationTest" name="testFindAllPizzas"/>
  <testcase time="0.033" classname="com.springsource.roo.pizzashop.domain.PizzaIntegrationTest" name="testFindPizzaEntries"/>
</testsuite>